<?xml version="1.0" encoding="UTF-8"?>
<!-- Generated by org.testng.reporters.JUnitReportReporter -->
<testsuite skipped="0" hostname="LAPTOP-UQ82E66Q" name="com.TestNG_Project.Expected_Exceptions" tests="1" failures="0" timestamp="2021-09-21T08:51:14 IST" time="0.011" errors="0">
  <testcase name="username" time="0.011" classname="com.TestNG_Project.Expected_Exceptions"/>
  <system-out/>
</testsuite> <!-- com.TestNG_Project.Expected_Exceptions -->
