<?xml version="1.0" encoding="UTF-8"?>
<!-- Generated by org.testng.reporters.JUnitReportReporter -->
<testsuite skipped="0" hostname="LAPTOP-UQ82E66Q" name="com.TestNG_Project.Simple_Annotations" tests="2" failures="0" timestamp="2021-09-27T19:10:02 IST" time="0.013" errors="0">
  <testcase name="username" time="0.008" classname="com.TestNG_Project.Simple_Annotations"/>
  <system-out/>
  <testcase name="login" time="0.005" classname="com.TestNG_Project.Simple_Annotations"/>
  <system-out/>
</testsuite> <!-- com.TestNG_Project.Simple_Annotations -->
