<?xml version="1.0" encoding="UTF-8"?>
<!-- Generated by org.testng.reporters.JUnitReportReporter -->
<testsuite skipped="0" hostname="LAPTOP-UQ82E66Q" name="com.TestNG_Project.DataProvider_MultipleSetofData" tests="2" failures="0" timestamp="2021-09-21T23:19:42 IST" time="0.006" errors="0">
  <testcase name="data1" time="0.001" classname="com.TestNG_Project.DataProvider_MultipleSetofData"/>
  <system-out/>
  <testcase name="data" time="0.005" classname="com.TestNG_Project.DataProvider_MultipleSetofData"/>
  <system-out/>
</testsuite> <!-- com.TestNG_Project.DataProvider_MultipleSetofData -->
