<?xml version="1.0" encoding="UTF-8"?>
<!-- Generated by org.testng.reporters.JUnitReportReporter -->
<testsuite skipped="0" hostname="LAPTOP-UQ82E66Q" name="com.TestNG_Project.Invocation_Count" tests="7" failures="0" timestamp="2021-09-20T21:01:16 IST" time="0.022" errors="0">
  <testcase name="username" time="0.013" classname="com.TestNG_Project.Invocation_Count"/>
  <system-out/>
  <testcase name="password" time="0.002" classname="com.TestNG_Project.Invocation_Count"/>
  <system-out/>
  <testcase name="password" time="0.001" classname="com.TestNG_Project.Invocation_Count"/>
  <system-out/>
  <testcase name="password" time="0.002" classname="com.TestNG_Project.Invocation_Count"/>
  <system-out/>
  <testcase name="password" time="0.001" classname="com.TestNG_Project.Invocation_Count"/>
  <system-out/>
  <testcase name="password" time="0.001" classname="com.TestNG_Project.Invocation_Count"/>
  <system-out/>
  <testcase name="login" time="0.002" classname="com.TestNG_Project.Invocation_Count"/>
  <system-out/>
</testsuite> <!-- com.TestNG_Project.Invocation_Count -->
