<?xml version="1.0" encoding="UTF-8"?>
<!-- Generated by org.testng.reporters.JUnitReportReporter -->
<testsuite skipped="0" hostname="LAPTOP-UQ82E66Q" name="com.TestNG_Project.Parameters_annotations" tests="1" failures="0" timestamp="2021-09-21T17:21:01 IST" time="0.007" errors="0">
  <testcase name="parameterized" time="0.007" classname="com.TestNG_Project.Parameters_annotations"/>
  <system-out/>
</testsuite> <!-- com.TestNG_Project.Parameters_annotations -->
