<?xml version="1.0" encoding="UTF-8"?>
<!-- Generated by org.testng.reporters.JUnitReportReporter -->
<testsuite skipped="0" hostname="LAPTOP-UQ82E66Q" name="com.TestNG_Project.Adactin_Prj" tests="5" failures="0" timestamp="2021-09-27T21:43:03 IST" time="45.514" errors="0">
  <testcase name="url" time="6.772" classname="com.TestNG_Project.Adactin_Prj"/>
  <system-out/>
  <testcase name="login" time="5.657" classname="com.TestNG_Project.Adactin_Prj"/>
  <system-out/>
  <testcase name="dress" time="5.024" classname="com.TestNG_Project.Adactin_Prj"/>
  <system-out/>
  <testcase name="addCart" time="6.123" classname="com.TestNG_Project.Adactin_Prj"/>
  <system-out/>
  <testcase name="checkOut" time="21.938" classname="com.TestNG_Project.Adactin_Prj"/>
  <system-out/>
</testsuite> <!-- com.TestNG_Project.Adactin_Prj -->
