<?xml version="1.0" encoding="UTF-8"?>
<!-- Generated by org.testng.reporters.JUnitReportReporter -->
<testsuite skipped="0" hostname="LAPTOP-UQ82E66Q" name="com.TestNG_Project.Groupings" tests="2" failures="0" timestamp="2021-09-21T23:18:02 IST" time="0.007" errors="0">
  <testcase name="carrom" time="0.007" classname="com.TestNG_Project.Groupings"/>
  <system-out/>
  <testcase name="chess" time="0.000" classname="com.TestNG_Project.Groupings"/>
  <system-out/>
</testsuite> <!-- com.TestNG_Project.Groupings -->
